Namespace(no_progress_bar=False, log_interval=100, log_format=None, log_file=None, aim_repo=None, aim_run_hash=None, tensorboard_logdir=None, wandb_project=None, azureml_logging=False, seed=1, cpu=False, tpu=False, bf16=False, memory_efficient_bf16=False, fp16=False, memory_efficient_fp16=False, fp16_no_flatten_grads=False, fp16_init_scale=128, fp16_scale_window=None, fp16_scale_tolerance=0.0, on_cpu_convert_precision=False, min_loss_scale=0.0001, threshold_loss_scale=None, amp=False, amp_batch_retries=2, amp_init_scale=128, amp_scale_window=None, user_dir=None, empty_cache_freq=0, all_gather_list_size=16384, model_parallel_size=1, quantization_config_path=None, profile=False, reset_logging=False, suppress_crashes=False, use_plasma_view=False, plasma_path='/tmp/plasma', criterion='cross_entropy', tokenizer=None, bpe=None, optimizer=None, lr_scheduler='fixed', simul_type=None, scoring='bleu', task='translation', source_lang='pcm', target_lang='en', trainpref='/home/CE/musaeed/ironside_2/ironside/Machine_Translation/back_translation/JW300_with_bible_joined_embeddings/train_bpe/train.bpe', validpref='/home/CE/musaeed/ironside_2/ironside/Machine_Translation/back_translation/JW300_with_bible_joined_embeddings/val_bpe/val.bpe', testpref='/home/CE/musaeed/ironside_2/ironside/Machine_Translation/back_translation/JW300_with_bible_joined_embeddings/test_bpe/test.bpe', align_suffix='align', destdir='/home/CE/musaeed/ironside_2/ironside/Machine_Translation/back_translation/JW300_with_bible_joined_embeddings/BT_pcm_en.tokenized.pcm-en', thresholdtgt=0, thresholdsrc=0, tgtdict='/home/CE/musaeed/ironside_2/ironside/Machine_Translation/back_translation/JW300_with_bible_joined_embeddings/converted_dict_for_fairseq/fairseq.pcm.vocab', srcdict='/home/CE/musaeed/ironside_2/ironside/Machine_Translation/back_translation/JW300_with_bible_joined_embeddings/converted_dict_for_fairseq/fairseq.en.vocab', nwordstgt=-1, nwordssrc=-1, alignfile=None, dataset_impl='mmap', joined_dictionary=False, only_source=False, padding_factor=8, workers=1, dict_only=False)
[pcm] Dictionary: 4001 types
[pcm] /home/CE/musaeed/ironside_2/ironside/Machine_Translation/back_translation/JW300_with_bible_joined_embeddings/train_bpe/train.bpe.pcm: 133167 sents, 3237680 tokens, 0.0% replaced (by <unk>)
[pcm] Dictionary: 4001 types
[pcm] /home/CE/musaeed/ironside_2/ironside/Machine_Translation/back_translation/JW300_with_bible_joined_embeddings/val_bpe/val.bpe.pcm: 2200 sents, 63155 tokens, 0.171% replaced (by <unk>)
[pcm] Dictionary: 4001 types
[pcm] /home/CE/musaeed/ironside_2/ironside/Machine_Translation/back_translation/JW300_with_bible_joined_embeddings/test_bpe/test.bpe.pcm: 2103 sents, 42488 tokens, 0.442% replaced (by <unk>)
[en] Dictionary: 4001 types
[en] /home/CE/musaeed/ironside_2/ironside/Machine_Translation/back_translation/JW300_with_bible_joined_embeddings/train_bpe/train.bpe.en: 133167 sents, 4348552 tokens, 0.0% replaced (by <unk>)
[en] Dictionary: 4001 types
[en] /home/CE/musaeed/ironside_2/ironside/Machine_Translation/back_translation/JW300_with_bible_joined_embeddings/val_bpe/val.bpe.en: 2200 sents, 68008 tokens, 0.106% replaced (by <unk>)
[en] Dictionary: 4001 types
[en] /home/CE/musaeed/ironside_2/ironside/Machine_Translation/back_translation/JW300_with_bible_joined_embeddings/test_bpe/test.bpe.en: 2103 sents, 41901 tokens, 0.403% replaced (by <unk>)
Wrote preprocessed data to /home/CE/musaeed/ironside_2/ironside/Machine_Translation/back_translation/JW300_with_bible_joined_embeddings/BT_pcm_en.tokenized.pcm-en
Namespace(no_progress_bar=False, log_interval=100, log_format=None, log_file=None, aim_repo=None, aim_run_hash=None, tensorboard_logdir=None, wandb_project=None, azureml_logging=False, seed=1, cpu=False, tpu=False, bf16=False, memory_efficient_bf16=False, fp16=False, memory_efficient_fp16=False, fp16_no_flatten_grads=False, fp16_init_scale=128, fp16_scale_window=None, fp16_scale_tolerance=0.0, on_cpu_convert_precision=False, min_loss_scale=0.0001, threshold_loss_scale=None, amp=False, amp_batch_retries=2, amp_init_scale=128, amp_scale_window=None, user_dir=None, empty_cache_freq=0, all_gather_list_size=16384, model_parallel_size=1, quantization_config_path=None, profile=False, reset_logging=False, suppress_crashes=False, use_plasma_view=False, plasma_path='/tmp/plasma', criterion='cross_entropy', tokenizer=None, bpe=None, optimizer=None, lr_scheduler='fixed', simul_type=None, scoring='bleu', task='translation', source_lang='pcm', target_lang='en', trainpref='/home/CE/musaeed/ironside_2/ironside/Machine_Translation/back_translation/JW300_with_bible_joined_embeddings/train_bpe/train.bpe', validpref='/home/CE/musaeed/ironside_2/ironside/Machine_Translation/back_translation/JW300_with_bible_joined_embeddings/val_bpe/val.bpe', testpref='/home/CE/musaeed/ironside_2/ironside/Machine_Translation/back_translation/JW300_with_bible_joined_embeddings/test_bpe/test.bpe', align_suffix='align', destdir='/home/CE/musaeed/ironside_2/ironside/Machine_Translation/back_translation/JW300_with_bible_joined_embeddings/BT_pcm_en.tokenized.pcm-en', thresholdtgt=0, thresholdsrc=0, tgtdict='/home/CE/musaeed/ironside_2/ironside/Machine_Translation/back_translation/JW300_with_bible_joined_embeddings/converted_dict_for_fairseq/fairseq.pcm.vocab', srcdict='/home/CE/musaeed/ironside_2/ironside/Machine_Translation/back_translation/JW300_with_bible_joined_embeddings/converted_dict_for_fairseq/fairseq.en.vocab', nwordstgt=-1, nwordssrc=-1, alignfile=None, dataset_impl='mmap', joined_dictionary=False, only_source=False, padding_factor=8, workers=1, dict_only=False)
[pcm] Dictionary: 4001 types
[pcm] /home/CE/musaeed/ironside_2/ironside/Machine_Translation/back_translation/JW300_with_bible_joined_embeddings/train_bpe/train.bpe.pcm: 126760 sents, 3851495 tokens, 0.0% replaced (by <unk>)
[pcm] Dictionary: 4001 types
[pcm] /home/CE/musaeed/ironside_2/ironside/Machine_Translation/back_translation/JW300_with_bible_joined_embeddings/val_bpe/val.bpe.pcm: 2200 sents, 63155 tokens, 0.171% replaced (by <unk>)
[pcm] Dictionary: 4001 types
[pcm] /home/CE/musaeed/ironside_2/ironside/Machine_Translation/back_translation/JW300_with_bible_joined_embeddings/test_bpe/test.bpe.pcm: 2103 sents, 42488 tokens, 0.442% replaced (by <unk>)
[en] Dictionary: 4001 types
[en] /home/CE/musaeed/ironside_2/ironside/Machine_Translation/back_translation/JW300_with_bible_joined_embeddings/train_bpe/train.bpe.en: 126760 sents, 4121851 tokens, 0.0% replaced (by <unk>)
[en] Dictionary: 4001 types
[en] /home/CE/musaeed/ironside_2/ironside/Machine_Translation/back_translation/JW300_with_bible_joined_embeddings/val_bpe/val.bpe.en: 2200 sents, 68008 tokens, 0.106% replaced (by <unk>)
[en] Dictionary: 4001 types
[en] /home/CE/musaeed/ironside_2/ironside/Machine_Translation/back_translation/JW300_with_bible_joined_embeddings/test_bpe/test.bpe.en: 2103 sents, 41901 tokens, 0.403% replaced (by <unk>)
Wrote preprocessed data to /home/CE/musaeed/ironside_2/ironside/Machine_Translation/back_translation/JW300_with_bible_joined_embeddings/BT_pcm_en.tokenized.pcm-en
